GET  /enso/admin/catalogue/dynamic_content  404  2.456  ms
GET  /enso/content/cdn/adminlte3/css/adminlte.min.css.map  304  1.554  ms
GET  /enso/content/cdn/bootstrap-colorpicker/css/bootstrap-colorpicker.min.css.map  304  1.247  ms
GET  /enso/content/cdn/bootstrap/js/bootstrap.bundle.min.js.map  304  1.451  ms
GET  /enso/content/cdn/adminlte3/js/adminlte.min.js.map  304  1.939  ms
GET  /enso/content/cdn/bootstrap-colorpicker/js/bootstrap-colorpicker.min.js.map  304  2.340  ms
GET  /enso/content/cdn/popper/umd/popper.min.js.map  304  3.728  ms
GET  /enso/content/cdn/summernote/summernote-bs4.js.map  304  1.536  ms
POST  /enso/api/i18n/language_list/datatable  200  8.035  ms
POST  /enso/api/i18n/language_list/datatable  200  4.900  ms
POST  /enso/api/i18n/language_elements/datatable  200  36.250  ms
POST  /enso/api/i18n/language_elements/datatable  200  35.631  ms
POST  /enso/api/i18n/language_elements/datatable  200  12.390  ms
POST  /enso/api/i18n/language_elements/datatable  200  11.119  ms
POST  /enso/api/i18n/language_elements/datatable  200  13.282  ms
POST  /enso/api/i18n/language_elements/datatable  200  16.767  ms
POST  /enso/api/i18n/language_elements/datatable  200  7.742  ms
POST  /enso/api/i18n/language_elements/datatable  200  14.011  ms
POST  /enso/api/i18n/language_elements/datatable  200  9.417  ms
POST  /enso/api/i18n/language_elements/datatable  200  10.082  ms
POST  /enso/api/i18n/language_elements/datatable  200  15.811  ms
POST  /enso/api/i18n/language_elements/datatable  200  8.281  ms
POST  /enso/api/i18n/language_elements/datatable  200  17.857  ms
GET  /enso/admin/catalogue/languages  200  597.036  ms
GET  /enso/content/cdn/fontawesome-free/css/all.min.css  304  11.777  ms
GET  /enso/content/cdn/daterangepicker/daterangepicker.css  304  5.782  ms
GET  /enso/content/cdn/sweetalert2-theme-bootstrap-4/bootstrap-4.min.css  304  5.219  ms
GET  /enso/content/cdn/adminlte3/css/adminlte.min.css  304  10.439  ms
GET  /enso/content/cdn/icheck-bootstrap/icheck-bootstrap.min.css  304  5.026  ms
GET  /enso/content/cdn/bootstrap-colorpicker/css/bootstrap-colorpicker.min.css  304  8.832  ms
GET  /enso/content/cdn/select2/css/select2.min.css  304  1.015  ms
GET  /enso/content/cdn/select2-bootstrap4-theme/select2-bootstrap4.min.css  304  3.065  ms
GET  /enso/content/cdn/summernote/summernote-bs4.css  304  1.707  ms
GET  /enso/content/cdn/datatables-bs4/css/dataTables.bootstrap4.min.css  304  0.987  ms
GET  /enso/content/cdn/datatables-responsive/css/responsive.bootstrap4.min.css  304  0.972  ms
GET  /enso/content/cdn/tempusdominus-bootstrap-4/css/tempusdominus-bootstrap-4.min.css  304  2.583  ms
GET  /enso/content/cdn/holdon/holdOn.css  304  1.643  ms
GET  /enso/content/cdn/animate/animate.css  304  1.488  ms
GET  /enso/content/cdn/jquery/jquery.min.js  304  12.817  ms
GET  /enso/content/cdn/bootstrap/js/bootstrap.bundle.min.js  304  12.629  ms
GET  /enso/content/cdn/adminlte3/js/adminlte.min.js  304  12.467  ms
GET  /enso/content/cdn/adminlte3/js/demo.js  304  11.175  ms
GET  /enso/content/cdn/sweetalert2/sweetalert2.min.js  304  125.480  ms
GET  /enso/content/cdn/select2/js/select2.full.min.js  304  128.333  ms
GET  /enso/content/cdn/moment/moment.min.js  304  18.093  ms
GET  /enso/content/cdn/inputmask/min/jquery.inputmask.bundle.min.js  304  19.861  ms
GET  /enso/content/cdn/daterangepicker/daterangepicker.js  304  20.224  ms
GET  /enso/content/cdn/bootstrap-colorpicker/js/bootstrap-colorpicker.min.js  304  20.164  ms
GET  /enso/content/cdn/tempusdominus-bootstrap-4/js/tempusdominus-bootstrap-4.min.js  304  15.170  ms
GET  /enso/content/cdn/bootstrap-switch/js/bootstrap-switch.min.js  304  15.017  ms
GET  /enso/content/cdn/popper/umd/popper.min.js  304  59.683  ms
GET  /enso/content/cdn/summernote/summernote-bs4.js  304  24.299  ms
GET  /enso/content/cdn/datatables/jquery.dataTables.min.js  304  14.870  ms
GET  /enso/content/cdn/datatables-bs4/js/dataTables.bootstrap4.min.js  304  14.393  ms
GET  /enso/content/cdn/datatables-responsive/js/dataTables.responsive.min.js  304  12.916  ms
GET  /enso/content/cdn/datatables-responsive/js/responsive.bootstrap4.min.js  304  36.705  ms
GET  /enso/content/cdn/voca/voca.js  304  6.822  ms
GET  /enso/content/cdn/holdon/holdOn.js  304  6.532  ms
GET  /enso/content/cdn/client/client.js  304  7.672  ms
GET  /enso/content/core/js/common.js  304  7.614  ms
GET  /enso/content/core/js/catalogue_languages.js  304  7.619  ms
GET  /enso/content/files/site/img/logo.png  304  2.338  ms
GET  /enso/content/cdn/fontawesome-free/webfonts/fa-solid-900.woff2  304  3.967  ms
GET  /enso/content/cdn/fontawesome-free/webfonts/fa-regular-400.woff2  304  1.593  ms
GET  /enso/content/cdn/bootstrap/js/bootstrap.bundle.min.js.map  304  1.411  ms
GET  /enso/content/cdn/adminlte3/js/adminlte.min.js.map  304  1.707  ms
GET  /enso/content/cdn/adminlte3/css/adminlte.min.css.map  304  2.206  ms
GET  /enso/content/cdn/bootstrap-colorpicker/css/bootstrap-colorpicker.min.css.map  304  1.320  ms
GET  /enso/content/cdn/bootstrap-colorpicker/js/bootstrap-colorpicker.min.js.map  304  1.127  ms
GET  /enso/content/cdn/popper/umd/popper.min.js.map  304  1.213  ms
GET  /enso/content/cdn/summernote/summernote-bs4.js.map  304  1.201  ms
POST  /enso/api/i18n/language_list/datatable  200  9.302  ms
POST  /enso/api/i18n/language_list/datatable  200  4.483  ms
POST  /enso/api/i18n/language_elements/datatable  200  17.493  ms
POST  /enso/api/i18n/language_elements/datatable  200  13.306  ms
GET  /enso/api/i18n/language_list?where%5Bactive%5D=true  304  16.672  ms
POST  /enso/api/i18n/language_elements/datatable  200  12.459  ms
POST  /enso/api/i18n/language_elements/datatable  200  16.012  ms
POST  /enso/api/i18n/language_elements/datatable  200  5.514  ms
POST  /enso/api/i18n/language_elements/datatable  200  4.843  ms
POST  /enso/api/i18n/language_elements/datatable  200  2.462  ms
POST  /enso/api/i18n/language_elements  200  20.218  ms
POST  /enso/api/i18n/language_elements/datatable  200  10.959  ms
POST  /enso/api/i18n/language_elements  200  5.830  ms
POST  /enso/api/i18n/language_elements/datatable  200  8.378  ms
POST  /enso/api/i18n/language_elements/datatable  200  12.634  ms
{"0":"Http server start at 80/enso/"}
{"0":"(node:26737) DeprecationWarning: current Server Discovery and Monitoring engine is deprecated, and will be removed in a future version. To use the new Server Discover and Monitoring engine, pass option { useUnifiedTopology: true } to the MongoClient constructor."}
{"0":"DB is connected"}
{"0":"(node:26737) DeprecationWarning: collection.count is deprecated, and will be removed in a future version. Use Collection.countDocuments or Collection.estimatedDocumentCount instead"}
POST  /enso/api/i18n/language_elements/datatable  200  62.975  ms
POST  /enso/api/i18n/language_elements/datatable  200  8.379  ms
GET  /enso/admin/catalogue/languages  200  1116.676  ms
GET  /enso/content/cdn/adminlte3/css/adminlte.min.css  304  18.574  ms
GET  /enso/content/cdn/fontawesome-free/css/all.min.css  304  18.056  ms
GET  /enso/content/cdn/sweetalert2-theme-bootstrap-4/bootstrap-4.min.css  304  12.734  ms
GET  /enso/content/cdn/daterangepicker/daterangepicker.css  304  12.173  ms
GET  /enso/content/cdn/bootstrap-colorpicker/css/bootstrap-colorpicker.min.css  304  11.773  ms
GET  /enso/content/cdn/icheck-bootstrap/icheck-bootstrap.min.css  304  11.736  ms
GET  /enso/content/cdn/tempusdominus-bootstrap-4/css/tempusdominus-bootstrap-4.min.css  304  9.998  ms
GET  /enso/content/cdn/select2/css/select2.min.css  304  9.422  ms
GET  /enso/content/cdn/datatables-bs4/css/dataTables.bootstrap4.min.css  304  8.937  ms
GET  /enso/content/cdn/datatables-responsive/css/responsive.bootstrap4.min.css  304  10.247  ms
GET  /enso/content/cdn/holdon/holdOn.css  304  8.875  ms
GET  /enso/content/cdn/select2-bootstrap4-theme/select2-bootstrap4.min.css  304  9.129  ms
GET  /enso/content/cdn/summernote/summernote-bs4.css  304  4.517  ms
GET  /enso/content/cdn/animate/animate.css  304  4.068  ms
GET  /enso/content/cdn/jquery/jquery.min.js  304  19.927  ms
GET  /enso/content/cdn/bootstrap/js/bootstrap.bundle.min.js  304  18.171  ms
GET  /enso/content/cdn/adminlte3/js/adminlte.min.js  304  17.711  ms
GET  /enso/content/cdn/adminlte3/js/demo.js  304  17.191  ms
GET  /enso/content/cdn/sweetalert2/sweetalert2.min.js  304  16.957  ms
GET  /enso/content/cdn/select2/js/select2.full.min.js  304  16.885  ms
GET  /enso/content/cdn/moment/moment.min.js  304  10.459  ms
GET  /enso/content/cdn/inputmask/min/jquery.inputmask.bundle.min.js  304  10.391  ms
GET  /enso/content/cdn/daterangepicker/daterangepicker.js  304  10.151  ms
GET  /enso/content/cdn/bootstrap-colorpicker/js/bootstrap-colorpicker.min.js  304  10.026  ms
GET  /enso/content/cdn/tempusdominus-bootstrap-4/js/tempusdominus-bootstrap-4.min.js  304  9.873  ms
GET  /enso/content/cdn/bootstrap-switch/js/bootstrap-switch.min.js  304  12.017  ms
GET  /enso/content/cdn/popper/umd/popper.min.js  304  7.340  ms
GET  /enso/content/cdn/summernote/summernote-bs4.js  304  6.996  ms
GET  /enso/content/cdn/datatables/jquery.dataTables.min.js  304  6.806  ms
GET  /enso/content/cdn/datatables-bs4/js/dataTables.bootstrap4.min.js  304  6.504  ms
GET  /enso/content/cdn/datatables-responsive/js/dataTables.responsive.min.js  304  6.196  ms
GET  /enso/content/cdn/datatables-responsive/js/responsive.bootstrap4.min.js  304  5.765  ms
GET  /enso/content/cdn/voca/voca.js  304  8.679  ms
GET  /enso/content/cdn/holdon/holdOn.js  304  8.610  ms
GET  /enso/content/cdn/client/client.js  304  8.397  ms
GET  /enso/content/core/js/common.js  304  8.309  ms
GET  /enso/content/files/site/img/logo.png  304  8.064  ms
GET  /enso/content/core/js/catalogue_languages.js  200  20.013  ms
GET  /enso/content/cdn/fontawesome-free/webfonts/fa-solid-900.woff2  304  1.381  ms
GET  /enso/content/cdn/fontawesome-free/webfonts/fa-regular-400.woff2  304  1.610  ms
POST  /enso/api/i18n/language_list/datatable  200  16.996  ms
POST  /enso/api/i18n/language_list/datatable  200  5.446  ms
POST  /enso/api/i18n/language_elements/datatable  200  20.787  ms
POST  /enso/api/i18n/language_elements/datatable  200  29.887  ms
GET  /enso/api/i18n/language_list?where%5Bactive%5D=true  304  13.091  ms
POST  /enso/api/i18n/language_elements  200  23.876  ms
POST  /enso/api/i18n/language_elements/datatable  200  15.509  ms
POST  /enso/api/i18n/language_elements/datatable  200  21.378  ms
POST  /enso/api/i18n/language_elements/datatable  200  8.133  ms
POST  /enso/api/i18n/language_elements/datatable  200  10.385  ms
POST  /enso/api/i18n/language_elements/datatable  200  8.564  ms
POST  /enso/api/i18n/language_elements  200  6.466  ms
POST  /enso/api/i18n/language_elements/datatable  200  11.477  ms
GET  /enso/admin/catalogue/languages  200  413.595  ms
GET  /enso/content/cdn/adminlte3/css/adminlte.min.css  304  12.767  ms
GET  /enso/content/cdn/fontawesome-free/css/all.min.css  304  10.676  ms
GET  /enso/content/cdn/sweetalert2-theme-bootstrap-4/bootstrap-4.min.css  304  9.877  ms
GET  /enso/content/cdn/daterangepicker/daterangepicker.css  304  9.382  ms
GET  /enso/content/cdn/icheck-bootstrap/icheck-bootstrap.min.css  304  8.793  ms
GET  /enso/content/cdn/bootstrap-colorpicker/css/bootstrap-colorpicker.min.css  304  7.905  ms
GET  /enso/content/cdn/tempusdominus-bootstrap-4/css/tempusdominus-bootstrap-4.min.css  304  7.175  ms
GET  /enso/content/cdn/select2-bootstrap4-theme/select2-bootstrap4.min.css  304  8.582  ms
GET  /enso/content/cdn/select2/css/select2.min.css  304  9.148  ms
GET  /enso/content/cdn/summernote/summernote-bs4.css  304  8.577  ms
GET  /enso/content/cdn/datatables-bs4/css/dataTables.bootstrap4.min.css  304  7.492  ms
GET  /enso/content/cdn/datatables-responsive/css/responsive.bootstrap4.min.css  304  7.134  ms
GET  /enso/content/cdn/holdon/holdOn.css  304  8.160  ms
GET  /enso/content/cdn/animate/animate.css  304  1.336  ms
GET  /enso/content/cdn/jquery/jquery.min.js  304  0.979  ms
GET  /enso/content/cdn/adminlte3/js/adminlte.min.js  304  3.196  ms
GET  /enso/content/cdn/bootstrap/js/bootstrap.bundle.min.js  304  1.609  ms
GET  /enso/content/cdn/adminlte3/js/demo.js  304  1.942  ms
GET  /enso/content/cdn/sweetalert2/sweetalert2.min.js  304  2.207  ms
GET  /enso/content/cdn/select2/js/select2.full.min.js  304  2.299  ms
GET  /enso/content/cdn/moment/moment.min.js  304  1.178  ms
GET  /enso/content/cdn/inputmask/min/jquery.inputmask.bundle.min.js  304  1.275  ms
GET  /enso/content/cdn/daterangepicker/daterangepicker.js  304  2.957  ms
GET  /enso/content/cdn/bootstrap-colorpicker/js/bootstrap-colorpicker.min.js  304  2.242  ms
GET  /enso/content/cdn/tempusdominus-bootstrap-4/js/tempusdominus-bootstrap-4.min.js  304  1.807  ms
GET  /enso/content/cdn/bootstrap-switch/js/bootstrap-switch.min.js  304  1.919  ms
GET  /enso/content/cdn/popper/umd/popper.min.js  304  1.847  ms
GET  /enso/content/cdn/summernote/summernote-bs4.js  304  4.971  ms
GET  /enso/content/cdn/datatables/jquery.dataTables.min.js  304  4.803  ms
GET  /enso/content/cdn/datatables-bs4/js/dataTables.bootstrap4.min.js  304  5.992  ms
GET  /enso/content/cdn/datatables-responsive/js/dataTables.responsive.min.js  304  6.404  ms
GET  /enso/content/cdn/datatables-responsive/js/responsive.bootstrap4.min.js  304  6.182  ms
GET  /enso/content/cdn/voca/voca.js  304  6.062  ms
GET  /enso/content/cdn/holdon/holdOn.js  304  4.451  ms
GET  /enso/content/core/js/common.js  304  4.180  ms
GET  /enso/content/cdn/client/client.js  304  4.379  ms
GET  /enso/content/core/js/catalogue_languages.js  304  4.115  ms
GET  /enso/content/files/site/img/logo.png  304  3.971  ms
GET  /enso/content/cdn/fontawesome-free/webfonts/fa-solid-900.woff2  304  2.449  ms
GET  /enso/content/cdn/fontawesome-free/webfonts/fa-regular-400.woff2  304  2.539  ms
GET  /enso/content/cdn/bootstrap/js/bootstrap.bundle.min.js.map  304  1.259  ms
GET  /enso/content/cdn/adminlte3/js/adminlte.min.js.map  304  15.247  ms
GET  /enso/content/cdn/adminlte3/css/adminlte.min.css.map  304  5.254  ms
GET  /enso/content/cdn/bootstrap-colorpicker/css/bootstrap-colorpicker.min.css.map  304  11.415  ms
GET  /enso/content/cdn/bootstrap-colorpicker/js/bootstrap-colorpicker.min.js.map  304  0.914  ms
GET  /enso/content/cdn/popper/umd/popper.min.js.map  304  1.871  ms
GET  /enso/content/cdn/summernote/summernote-bs4.js.map  304  0.954  ms
POST  /enso/api/i18n/language_list/datatable  200  9.442  ms
POST  /enso/api/i18n/language_list/datatable  200  5.359  ms
POST  /enso/api/i18n/language_elements/datatable  200  17.895  ms
POST  /enso/api/i18n/language_elements/datatable  200  11.399  ms
GET  /enso/api/i18n/language_list?where%5Bactive%5D=true  304  4.978  ms
POST  /enso/api/i18n/language_elements  200  4.642  ms
POST  /enso/api/i18n/language_elements/datatable  200  14.049  ms
POST  /enso/api/i18n/language_elements  200  5.715  ms
POST  /enso/api/i18n/language_elements/datatable  200  11.476  ms
POST  /enso/api/i18n/language_elements  200  3.706  ms
POST  /enso/api/i18n/language_elements/datatable  200  12.920  ms
POST  /enso/api/i18n/language_elements  200  2.486  ms
POST  /enso/api/i18n/language_elements/datatable  200  11.744  ms
POST  /enso/api/i18n/language_elements  200  2.494  ms
POST  /enso/api/i18n/language_elements/datatable  200  12.730  ms
POST  /enso/api/i18n/language_elements  200  3.023  ms
POST  /enso/api/i18n/language_elements/datatable  200  11.250  ms
POST  /enso/api/i18n/language_elements  200  2.638  ms
POST  /enso/api/i18n/language_elements/datatable  200  13.946  ms
POST  /enso/api/i18n/language_elements  200  6.914  ms
POST  /enso/api/i18n/language_elements/datatable  200  13.381  ms
POST  /enso/api/i18n/language_elements  200  4.400  ms
POST  /enso/api/i18n/language_elements/datatable  200  8.812  ms
POST  /enso/api/i18n/language_elements  200  8.537  ms
POST  /enso/api/i18n/language_elements/datatable  200  9.261  ms
POST  /enso/api/i18n/language_elements  200  2.978  ms
POST  /enso/api/i18n/language_elements/datatable  200  12.823  ms
POST  /enso/api/i18n/language_elements  200  3.454  ms
POST  /enso/api/i18n/language_elements/datatable  200  9.767  ms
POST  /enso/api/i18n/language_elements  200  2.613  ms
POST  /enso/api/i18n/language_elements/datatable  200  10.055  ms
POST  /enso/api/i18n/language_elements  200  4.957  ms
POST  /enso/api/i18n/language_elements/datatable  200  12.368  ms
POST  /enso/api/i18n/language_elements  200  4.049  ms
POST  /enso/api/i18n/language_elements/datatable  200  8.273  ms
GET  /enso/admin/catalogue/languages  200  600.216  ms
GET  /enso/content/cdn/adminlte3/css/adminlte.min.css  304  131.742  ms
GET  /enso/content/cdn/fontawesome-free/css/all.min.css  304  131.556  ms
GET  /enso/content/cdn/sweetalert2-theme-bootstrap-4/bootstrap-4.min.css  304  127.941  ms
GET  /enso/content/cdn/daterangepicker/daterangepicker.css  304  127.635  ms
GET  /enso/content/cdn/icheck-bootstrap/icheck-bootstrap.min.css  304  135.963  ms
GET  /enso/content/cdn/bootstrap-colorpicker/css/bootstrap-colorpicker.min.css  304  136.048  ms
GET  /enso/content/cdn/tempusdominus-bootstrap-4/css/tempusdominus-bootstrap-4.min.css  304  12.055  ms
GET  /enso/content/cdn/select2/css/select2.min.css  304  9.257  ms
GET  /enso/content/cdn/select2-bootstrap4-theme/select2-bootstrap4.min.css  304  8.324  ms
GET  /enso/content/cdn/summernote/summernote-bs4.css  304  8.075  ms
GET  /enso/content/cdn/datatables-bs4/css/dataTables.bootstrap4.min.css  304  7.758  ms
GET  /enso/content/cdn/datatables-responsive/css/responsive.bootstrap4.min.css  304  6.693  ms
GET  /enso/content/cdn/holdon/holdOn.css  304  4.136  ms
GET  /enso/content/cdn/animate/animate.css  304  8.892  ms
GET  /enso/content/cdn/jquery/jquery.min.js  304  79.068  ms
GET  /enso/content/cdn/bootstrap/js/bootstrap.bundle.min.js  304  30.689  ms
GET  /enso/content/cdn/adminlte3/js/adminlte.min.js  304  26.980  ms
GET  /enso/content/cdn/adminlte3/js/demo.js  304  22.432  ms
GET  /enso/content/cdn/sweetalert2/sweetalert2.min.js  304  22.454  ms
GET  /enso/content/cdn/select2/js/select2.full.min.js  304  35.491  ms
GET  /enso/content/cdn/moment/moment.min.js  304  9.205  ms
GET  /enso/content/cdn/inputmask/min/jquery.inputmask.bundle.min.js  304  9.140  ms
GET  /enso/content/cdn/daterangepicker/daterangepicker.js  304  13.540  ms
GET  /enso/content/cdn/bootstrap-colorpicker/js/bootstrap-colorpicker.min.js  304  16.316  ms
GET  /enso/content/cdn/tempusdominus-bootstrap-4/js/tempusdominus-bootstrap-4.min.js  304  16.231  ms
GET  /enso/content/cdn/bootstrap-switch/js/bootstrap-switch.min.js  304  11.597  ms
GET  /enso/content/cdn/popper/umd/popper.min.js  304  11.476  ms
GET  /enso/content/cdn/summernote/summernote-bs4.js  304  10.875  ms
GET  /enso/content/cdn/datatables/jquery.dataTables.min.js  304  10.575  ms
GET  /enso/content/cdn/datatables-bs4/js/dataTables.bootstrap4.min.js  304  28.924  ms
GET  /enso/content/cdn/datatables-responsive/js/dataTables.responsive.min.js  304  28.849  ms
GET  /enso/content/cdn/datatables-responsive/js/responsive.bootstrap4.min.js  304  5.205  ms
GET  /enso/content/cdn/voca/voca.js  304  10.565  ms
GET  /enso/content/cdn/holdon/holdOn.js  304  10.621  ms
GET  /enso/content/cdn/client/client.js  304  10.512  ms
GET  /enso/content/core/js/common.js  304  10.393  ms
GET  /enso/content/core/js/catalogue_languages.js  304  16.416  ms
GET  /enso/content/files/site/img/logo.png  304  2.492  ms
GET  /enso/content/cdn/fontawesome-free/webfonts/fa-solid-900.woff2  304  2.572  ms
GET  /enso/content/cdn/fontawesome-free/webfonts/fa-regular-400.woff2  304  2.698  ms
GET  /enso/content/cdn/bootstrap/js/bootstrap.bundle.min.js.map  304  1.857  ms
GET  /enso/content/cdn/adminlte3/js/adminlte.min.js.map  304  2.157  ms
GET  /enso/content/cdn/adminlte3/css/adminlte.min.css.map  304  10.217  ms
GET  /enso/content/cdn/bootstrap-colorpicker/css/bootstrap-colorpicker.min.css.map  304  1.128  ms
GET  /enso/content/cdn/bootstrap-colorpicker/js/bootstrap-colorpicker.min.js.map  304  0.868  ms
GET  /enso/content/cdn/popper/umd/popper.min.js.map  304  1.444  ms
GET  /enso/content/cdn/summernote/summernote-bs4.js.map  304  0.963  ms
POST  /enso/api/i18n/language_list/datatable  200  7.263  ms
POST  /enso/api/i18n/language_list/datatable  200  11.410  ms
POST  /enso/api/i18n/language_elements/datatable  200  14.350  ms
POST  /enso/api/i18n/language_elements/datatable  200  29.793  ms
GET  /enso/api/i18n/language_list?where%5Bactive%5D=true  304  22.275  ms
POST  /enso/api/i18n/language_elements  200  6.225  ms
POST  /enso/api/i18n/language_elements/datatable  200  9.188  ms
POST  /enso/api/i18n/language_elements  200  2.239  ms
POST  /enso/api/i18n/language_elements/datatable  200  11.003  ms
POST  /enso/api/i18n/language_elements  200  2.578  ms
POST  /enso/api/i18n/language_elements/datatable  200  8.442  ms
POST  /enso/api/i18n/language_elements  200  3.016  ms
POST  /enso/api/i18n/language_elements/datatable  200  10.946  ms
POST  /enso/api/i18n/language_elements  200  2.213  ms
POST  /enso/api/i18n/language_elements/datatable  200  7.798  ms
POST  /enso/api/i18n/language_elements/datatable  200  10.722  ms
POST  /enso/api/i18n/language_elements/datatable  200  13.459  ms
POST  /enso/api/i18n/language_elements/datatable  200  9.243  ms
POST  /enso/api/i18n/language_elements/datatable  200  9.408  ms
POST  /enso/api/i18n/language_elements/datatable  200  14.841  ms
POST  /enso/api/i18n/language_elements/datatable  200  11.011  ms
POST  /enso/api/i18n/language_elements/datatable  200  10.635  ms
POST  /enso/api/i18n/language_elements/datatable  200  8.151  ms
POST  /enso/api/i18n/language_elements/datatable  200  11.416  ms
POST  /enso/api/i18n/language_elements/datatable  200  14.498  ms
